#
# An unexpected error has been detected by Java Runtime Environment:
#
#  EXCEPTION_ACCESS_VIOLATION (0xc0000005) at pc=0x6d075172, pid=420, tid=5064
#
# Java VM: Java HotSpot(TM) Client VM (11.2-b01 mixed mode, sharing windows-x86)
# Problematic frame:
# C  [awt.dll+0x75172]
#
# If you would like to submit a bug report, please visit:
#   http://java.sun.com/webapps/bugreport/crash.jsp
# The crash happened outside the Java Virtual Machine in native code.
# See problematic frame for where to report the bug.
#

---------------  T H R E A D  ---------------

Current thread (0x03e38c00):  JavaThread "AWT-Windows" daemon [_thread_in_native, id=5064, stack(0x04260000,0x042b0000)]

siginfo: ExceptionCode=0xc0000005, reading address 0x00000044

Registers:
EAX=0x00000000, EBX=0x00000001, ECX=0x00000000, EDX=0x01f90b13
ESP=0x042af48c, EBP=0x042af4c4, ESI=0x03e38d14, EDI=0x00000000
EIP=0x6d075172, EFLAGS=0x00010246

Top of Stack: (sp=0x042af48c)
0x042af48c:   00009813 03e38d14 6d09c397 01f90b13
0x042af49c:   042af540 00009813 00000000 042af540
0x042af4ac:   00230b88 03e38d14 042af49c 042af558
0x042af4bc:   6d0bf998 00000001 042af4f0 76d7f8d2
0x042af4cc:   00230b88 00009813 00780b6e 01f90b13
0x042af4dc:   00009813 dcbaabcd 00000000 042af540
0x042af4ec:   00009813 042af568 76d7f794 6d09bf60
0x042af4fc:   00230b88 00009813 00780b6e 01f90b13 

Instructions: (pc=0x6d075172)
0x6d075162:   ce e8 88 bf 00 00 8b b6 84 01 00 00 85 f6 75 03
0x6d075172:   8b 77 44 8b 44 24 0c 50 56 e8 88 86 04 00 5f 5e 


Stack: [0x04260000,0x042b0000],  sp=0x042af48c,  free space=317k
Native frames: (J=compiled Java code, j=interpreted, Vv=VM code, C=native code)
C  [awt.dll+0x75172]
C  [USER32.dll+0x1f8d2]
C  [USER32.dll+0x1f794]
C  [USER32.dll+0x20817]
C  [USER32.dll+0x20a65]
C  [ntdll.dll+0x599ce]
C  [d3d9.dll+0x59742]
C  [d3d9.dll+0x5968c]
C  [d3d9.dll+0x572e0]
C  [USER32.dll+0x1f8d2]
C  [USER32.dll+0x1f794]
C  [USER32.dll+0x20817]
C  [USER32.dll+0x20a65]
C  [ntdll.dll+0x599ce]
C  [USER32.dll+0x1ff18]

Java frames: (J=compiled Java code, j=interpreted, Vv=VM code)
j  sun.awt.windows.WToolkit.eventLoop()V+0
j  sun.awt.windows.WToolkit.run()V+69
j  java.lang.Thread.run()V+11
v  ~StubRoutines::call_stub

---------------  P R O C E S S  ---------------

Java Threads: ( => current thread )
  0x06291800 JavaThread "D3D Screen Updater" daemon [_thread_in_native, id=3528, stack(0x05290000,0x052e0000)]
  0x06263800 JavaThread "pool-1-thread-1" daemon [_thread_blocked, id=2200, stack(0x05640000,0x05690000)]
  0x03f13400 JavaThread "Long sleeping thread" daemon [_thread_blocked, id=1496, stack(0x04350000,0x043a0000)]
  0x03f13000 JavaThread "TimerQueue" daemon [_thread_blocked, id=5440, stack(0x04300000,0x04350000)]
  0x000da000 JavaThread "DestroyJavaVM" [_thread_blocked, id=5676, stack(0x000e0000,0x00130000)]
  0x03eea000 JavaThread "AWT-EventQueue-0" [_thread_in_native, id=6032, stack(0x042b0000,0x04300000)]
=>0x03e38c00 JavaThread "AWT-Windows" daemon [_thread_in_native, id=5064, stack(0x04260000,0x042b0000)]
  0x03e38400 JavaThread "AWT-Shutdown" [_thread_blocked, id=1968, stack(0x04100000,0x04150000)]
  0x03e38000 JavaThread "Java2D Disposer" daemon [_thread_blocked, id=5196, stack(0x04070000,0x040c0000)]
  0x01b40000 JavaThread "Low Memory Detector" daemon [_thread_blocked, id=3048, stack(0x03d20000,0x03d70000)]
  0x01b2b400 JavaThread "CompilerThread0" daemon [_thread_blocked, id=4264, stack(0x03cd0000,0x03d20000)]
  0x01b29c00 JavaThread "Attach Listener" daemon [_thread_blocked, id=5256, stack(0x03c80000,0x03cd0000)]
  0x01b1f400 JavaThread "Signal Dispatcher" daemon [_thread_blocked, id=4756, stack(0x03c30000,0x03c80000)]
  0x01b15800 JavaThread "Finalizer" daemon [_thread_blocked, id=2292, stack(0x03be0000,0x03c30000)]
  0x01b14000 JavaThread "Reference Handler" daemon [_thread_blocked, id=4896, stack(0x01960000,0x019b0000)]

Other Threads:
  0x01b12800 VMThread [stack: 0x01910000,0x01960000] [id=3532]
  0x01b49400 WatcherThread [stack: 0x03d70000,0x03dc0000] [id=4344]

VM state:not at safepoint (normal execution)

VM Mutex/Monitor currently owned by a thread: None

Heap
 def new generation   total 960K, used 332K [0x24280000, 0x24380000, 0x24760000)
  eden space 896K,  37% used [0x24280000, 0x242d32b8, 0x24360000)
  from space 64K,   0% used [0x24370000, 0x24370000, 0x24380000)
  to   space 64K,   0% used [0x24360000, 0x24360000, 0x24370000)
 tenured generation   total 15760K, used 11479K [0x24760000, 0x256c4000, 0x28280000)
   the space 15760K,  72% used [0x24760000, 0x25295e80, 0x25296000, 0x256c4000)
 compacting perm gen  total 12288K, used 4477K [0x28280000, 0x28e80000, 0x2c280000)
   the space 12288K,  36% used [0x28280000, 0x286df750, 0x286df800, 0x28e80000)
    ro space 8192K,  63% used [0x2c280000, 0x2c797e48, 0x2c798000, 0x2ca80000)
    rw space 12288K,  53% used [0x2ca80000, 0x2d0ecb38, 0x2d0ecc00, 0x2d680000)

Dynamic libraries:
0x00400000 - 0x00424000 	C:\Windows\system32\java.exe
0x772c0000 - 0x773e7000 	C:\Windows\system32\ntdll.dll
0x75b40000 - 0x75c1b000 	C:\Windows\system32\kernel32.dll
0x771e0000 - 0x772a6000 	C:\Windows\system32\ADVAPI32.dll
0x75f70000 - 0x76032000 	C:\Windows\system32\RPCRT4.dll
0x7c340000 - 0x7c396000 	C:\Program Files\Java\jre6\bin\msvcr71.dll
0x6d800000 - 0x6da56000 	C:\Program Files\Java\jre6\bin\client\jvm.dll
0x76d60000 - 0x76dfd000 	C:\Windows\system32\USER32.dll
0x77060000 - 0x770ab000 	C:\Windows\system32\GDI32.dll
0x74580000 - 0x745b2000 	C:\Windows\system32\WINMM.dll
0x76e00000 - 0x76eaa000 	C:\Windows\system32\msvcrt.dll
0x76040000 - 0x76184000 	C:\Windows\system32\ole32.dll
0x770b0000 - 0x7713d000 	C:\Windows\system32\OLEAUT32.dll
0x74540000 - 0x74579000 	C:\Windows\system32\OLEACC.dll
0x75ea0000 - 0x75ebe000 	C:\Windows\system32\IMM32.DLL
0x76eb0000 - 0x76f78000 	C:\Windows\system32\MSCTF.dll
0x75970000 - 0x7599c000 	C:\Windows\system32\apphelp.dll
0x772b0000 - 0x772b9000 	C:\Windows\system32\LPK.DLL
0x75ef0000 - 0x75f6d000 	C:\Windows\system32\USP10.dll
0x6d290000 - 0x6d298000 	C:\Program Files\Java\jre6\bin\hpi.dll
0x75b30000 - 0x75b37000 	C:\Windows\system32\PSAPI.DLL
0x6d7b0000 - 0x6d7bc000 	C:\Program Files\Java\jre6\bin\verify.dll
0x6d330000 - 0x6d34f000 	C:\Program Files\Java\jre6\bin\java.dll
0x6d7f0000 - 0x6d7ff000 	C:\Program Files\Java\jre6\bin\zip.dll
0x6d000000 - 0x6d14a000 	C:\Program Files\Java\jre6\bin\awt.dll
0x72450000 - 0x72492000 	C:\Windows\system32\WINSPOOL.DRV
0x748a0000 - 0x74a3e000 	C:\Windows\WinSxS\x86_microsoft.windows.common-controls_6595b64144ccf1df_6.0.6001.18000_none_5cdbaa5a083979cc\comctl32.dll
0x75c20000 - 0x75c78000 	C:\Windows\system32\SHLWAPI.dll
0x71b70000 - 0x71b7c000 	C:\Windows\system32\DWMAPI.DLL
0x74b00000 - 0x74b3f000 	C:\Windows\system32\uxtheme.dll
0x761c0000 - 0x76cd0000 	C:\Windows\system32\shell32.dll
0x6d230000 - 0x6d284000 	C:\Program Files\Java\jre6\bin\fontmanager.dll
0x7c3c0000 - 0x7c43c000 	D:\Program Files\NetBeans 6.5\javafx2\javafx-sdk\lib\desktop\msvcp71.dll
0x6d360000 - 0x6d366000 	C:\Program Files\Java\jre6\bin\jawt.dll
0x10000000 - 0x10097000 	D:\Program Files\NetBeans 6.5\javafx2\javafx-sdk\lib\desktop\jmc.dll
0x75e10000 - 0x75e94000 	C:\Windows\system32\CLBCatQ.DLL
0x69240000 - 0x693b3000 	C:\Windows\system32\quartz.dll
0x6fc40000 - 0x6fc53000 	C:\Windows\system32\DXVA2.DLL
0x69cf0000 - 0x69d26000 	C:\Windows\system32\qasf.dll
0x74ac0000 - 0x74acb000 	C:\Windows\system32\msdmo.dll
0x70ce0000 - 0x70f2b000 	C:\Windows\system32\wmvcore.dll
0x710e0000 - 0x71119000 	C:\Windows\system32\WMASF.DLL
0x74350000 - 0x744fb000 	C:\Windows\WinSxS\x86_microsoft.windows.gdiplus_6595b64144ccf1df_1.0.6001.18065_none_9e7abe2ec9c13222\gdiplus.dll
0x70020000 - 0x70050000 	C:\Windows\system32\mlang.dll
0x73e80000 - 0x73e87000 	C:\Windows\system32\msiltcfg.dll
0x75260000 - 0x75268000 	C:\Windows\system32\VERSION.dll
0x701c0000 - 0x703c2000 	C:\Windows\system32\msi.dll
0x04540000 - 0x04552000 	C:\Program Files\Common Files\Corel\DirectShowComponents\CoreMovSrc.ax
0x6f740000 - 0x6f74f000 	C:\Windows\system32\QuickTime.qts
0x64590000 - 0x6524b000 	C:\Program Files\QuickTime\QTSystem\QuickTime.qts
0x75ec0000 - 0x75eed000 	C:\Windows\system32\WS2_32.dll
0x77050000 - 0x77056000 	C:\Windows\system32\NSI.dll
0x76cd0000 - 0x76d43000 	C:\Windows\system32\comdlg32.dll
0x71bf0000 - 0x71c60000 	C:\Windows\system32\DSOUND.dll
0x74e40000 - 0x74e5a000 	C:\Windows\system32\POWRPROF.dll
0x76f80000 - 0x77050000 	C:\Windows\system32\WININET.DLL
0x76d50000 - 0x76d53000 	C:\Windows\system32\Normaliz.dll
0x77190000 - 0x771d5000 	C:\Windows\system32\iertutil.dll
0x74160000 - 0x7418f000 	C:\Windows\system32\wdmaud.drv
0x74500000 - 0x74504000 	C:\Windows\system32\ksuser.dll
0x74bb0000 - 0x74bd7000 	C:\Windows\system32\MMDevAPI.DLL
0x74ba0000 - 0x74ba7000 	C:\Windows\system32\AVRT.dll
0x75c80000 - 0x75e0a000 	C:\Windows\system32\SETUPAPI.dll
0x74c40000 - 0x74c6d000 	C:\Windows\system32\WINTRUST.dll
0x75430000 - 0x75521000 	C:\Windows\system32\CRYPT32.dll
0x75590000 - 0x755a2000 	C:\Windows\system32\MSASN1.dll
0x759f0000 - 0x75a0e000 	C:\Windows\system32\USERENV.dll
0x759d0000 - 0x759e4000 	C:\Windows\system32\Secur32.dll
0x76190000 - 0x761b9000 	C:\Windows\system32\imagehlp.dll
0x73c50000 - 0x73c71000 	C:\Windows\system32\AUDIOSES.DLL
0x73b00000 - 0x73b66000 	C:\Windows\system32\audioeng.dll
0x74150000 - 0x74159000 	C:\Windows\system32\msacm32.drv
0x73c30000 - 0x73c44000 	C:\Windows\system32\MSACM32.dll
0x73c20000 - 0x73c27000 	C:\Windows\system32\midimap.dll
0x71630000 - 0x71715000 	C:\Windows\system32\ddraw.dll
0x71c90000 - 0x71c96000 	C:\Windows\system32\DCIMAN32.dll
0x6c020000 - 0x6c070000 	C:\Program Files\QuickTime\QTSystem\CoreVideo.qtx
0x6c570000 - 0x6c5c8000 	C:\Program Files\QuickTime\QTSystem\QuickTime3GPP.qtx
0x6bf20000 - 0x6bf9c000 	C:\Program Files\QuickTime\QTSystem\QuickTime3GPPAuthoring.qtx
0x6b200000 - 0x6b4f9000 	C:\Program Files\QuickTime\QTSystem\QuickTimeAudioSupport.qtx
0x69ac0000 - 0x69cec000 	C:\Program Files\QuickTime\QTSystem\QuickTimeAuthoring.qtx
0x6b1b0000 - 0x6b200000 	C:\Program Files\QuickTime\QTSystem\QuickTimeCapture.qtx
0x6b090000 - 0x6b11f000 	C:\Program Files\QuickTime\QTSystem\QuickTimeEffects.qtx
0x6b140000 - 0x6b1a2000 	C:\Program Files\QuickTime\QTSystem\QuickTimeEssentials.qtx
0x693c0000 - 0x69731000 	C:\Program Files\QuickTime\QTSystem\QuickTimeH264.qtx
0x6a850000 - 0x6a942000 	C:\Program Files\QuickTime\QTSystem\QuickTimeImage.qtx
0x69e50000 - 0x69f1d000 	C:\Program Files\QuickTime\QTSystem\QuickTimeInternetExtras.qtx
0x6ab20000 - 0x6ab92000 	C:\Program Files\QuickTime\QTSystem\QuickTimeMPEG.qtx
0x6aac0000 - 0x6ab16000 	C:\Program Files\QuickTime\QTSystem\QuickTimeMPEG4.qtx
0x69d30000 - 0x69dc0000 	C:\Program Files\QuickTime\QTSystem\QuickTimeMPEG4Authoring.qtx
0x69dd0000 - 0x69e4e000 	C:\Program Files\QuickTime\QTSystem\QuickTimeMusic.qtx
0x6bfa0000 - 0x6bfdd000 	C:\Program Files\QuickTime\QTSystem\QuickTimeQD3D.qtx
0x69900000 - 0x699d8000 	C:\Program Files\QuickTime\QTSystem\QuickTimeStreaming.qtx
0x72710000 - 0x72717000 	C:\Windows\system32\WSOCK32.dll
0x6a6d0000 - 0x6a729000 	C:\Program Files\QuickTime\QTSystem\QuickTimeStreamingAuthoring.qtx
0x6bff0000 - 0x6c01a000 	C:\Program Files\QuickTime\QTSystem\QuickTimeStreamingExtras.qtx
0x69820000 - 0x698fa000 	C:\Program Files\QuickTime\QTSystem\QuickTimeVR.qtx
0x6d610000 - 0x6d623000 	C:\Program Files\Java\jre6\bin\net.dll
0x75150000 - 0x7518b000 	C:\Windows\system32\mswsock.dll
0x751c0000 - 0x751c5000 	C:\Windows\System32\wship6.dll
0x74e20000 - 0x74e25000 	C:\Windows\System32\wshtcpip.dll
0x74b90000 - 0x74b9f000 	C:\Windows\system32\NLAapi.dll
0x75390000 - 0x753a9000 	C:\Windows\system32\IPHLPAPI.DLL
0x75350000 - 0x75385000 	C:\Windows\system32\dhcpcsvc.DLL
0x755d0000 - 0x755fc000 	C:\Windows\system32\DNSAPI.dll
0x75910000 - 0x75917000 	C:\Windows\system32\WINNSI.DLL
0x75320000 - 0x75341000 	C:\Windows\system32\dhcpcsvc6.DLL
0x72320000 - 0x7232f000 	C:\Windows\system32\napinsp.dll
0x72020000 - 0x72032000 	C:\Windows\system32\pnrpnsp.dll
0x72220000 - 0x72228000 	C:\Windows\System32\winrnr.dll
0x77140000 - 0x7718a000 	C:\Windows\system32\WLDAP32.dll
0x72180000 - 0x7218c000 	C:\Windows\system32\wshbth.dll
0x16080000 - 0x160a5000 	C:\Program Files\Bonjour\mdnsNSP.dll
0x718e0000 - 0x718e6000 	C:\Windows\system32\rasadhlp.dll
0x6f400000 - 0x6f5ba000 	C:\Windows\system32\d3d9.dll
0x73eb0000 - 0x73eb6000 	C:\Windows\system32\d3d8thk.dll
0x06590000 - 0x06a7c000 	C:\Windows\system32\nvd3dum.dll
0x057f0000 - 0x05825000 	C:\Windows\system32\btmmhook.dll

VM Arguments:
jvm_args: -Djava.library.path=D:\Program Files\NetBeans 6.5\javafx2\javafx-sdk\bin\..\lib\desktop 
java_command: projavafx.fullscreenmovieplayer.Main
Launcher Type: SUN_STANDARD

Environment Variables:
JAVA_HOME=C:\Program Files\Java\jdk1.6.0_10
PATH=D:\Program Files\NetBeans 6.5\javafx2\javafx-sdk1.0\bin;D:\Program Files\NetBeans 6.5\javafx2\javafx-sdk1.0\emulator\bin;C:\Windows\system32;C:\Windows;C:\Windows\System32\Wbem;c:\Program Files\Java\jdk1.6.0_12\bin;C:\Program Files\Common Files\Roxio Shared\9.0\DLLShared\;C:\Program Files\Common Files\Roxio Shared\DLLShared\;C:\Program Files\Common Files\Intuit\QBPOSSDKRuntime;C:\Program Files\TortoiseSVN\bin;c:\ant-1.7.1\bin;C:\Program Files\QuickTime\QTSystem\;C:\Program Files\CVSNT\
USERNAME=jim.weaver
OS=Windows_NT
PROCESSOR_IDENTIFIER=x86 Family 6 Model 23 Stepping 6, GenuineIntel



---------------  S Y S T E M  ---------------

OS: Windows Vista Build 6001 Service Pack 1

CPU:total 2 (2 cores per cpu, 1 threads per core) family 6 model 7 stepping 6, cmov, cx8, fxsr, mmx, sse, sse2, sse3, ssse3

Memory: 4k page, physical 2097151k(1142948k free), swap 4194303k(3531092k free)

vm_info: Java HotSpot(TM) Client VM (11.2-b01) for windows-x86 JRE (1.6.0_12-b04), built on Jan 17 2009 09:57:14 by "java_re" with MS VC++ 7.1

time: Fri Mar 13 10:44:49 2009
elapsed time: 169 seconds

